2022-11-28 10:32:06.407661 HKT | [halfcheetah-medium-v0-kl10] Epoch 0 finished
----------------------------------------------  --------------
replay_buffer/size                              1000
trainer/num train calls                         1000
trainer/QF1 Loss                                 343.287
trainer/QF2 Loss                                 348.641
trainer/Policy Loss                              223.849
trainer/Weight Loss                               -1.92908e-05
trainer/Offline Weights Mean                       1.00011
trainer/Offline Weights Std                        0.00413835
trainer/Offline Weights Max                        1.01092
trainer/Offline Weights Min                        0.98763
trainer/Online Weights Mean                        1.00015
trainer/Online Weights Std                         0.00356768
trainer/Online Weights Max                         1.00841
trainer/Online Weights Min                         0.988416
trainer/RL Samples Weights Mean                    1.00067
trainer/RL Samples Weights Std                     0.00339448
trainer/RL Samples Weights Max                     1.00986
trainer/RL Samples Weights Min                     0.991547
trainer/Q1 Predictions Mean                     -221.162
trainer/Q1 Predictions Std                        21.8783
trainer/Q1 Predictions Max                      -188.249
trainer/Q1 Predictions Min                      -396.368
trainer/Q2 Predictions Mean                     -221.228
trainer/Q2 Predictions Std                        21.8028
trainer/Q2 Predictions Max                      -188.05
trainer/Q2 Predictions Min                      -397.66
trainer/Q Targets Mean                          -217.046
trainer/Q Targets Std                             22.2055
trainer/Q Targets Max                           -185.69
trainer/Q Targets Min                           -397.814
trainer/Log Pis Mean                               6.48888
trainer/Log Pis Std                                3.97096
trainer/Log Pis Max                               19.2928
trainer/Log Pis Min                               -6.70613
trainer/policy/mean Mean                          -0.140456
trainer/policy/mean Std                            0.85186
trainer/policy/mean Max                            0.992851
trainer/policy/mean Min                           -0.990202
trainer/policy/normal/std Mean                     0.631336
trainer/policy/normal/std Std                      0.085303
trainer/policy/normal/std Max                      0.975076
trainer/policy/normal/std Min                      0.294558
trainer/policy/normal/log_std Mean                -0.470681
trainer/policy/normal/log_std Std                  0.153824
trainer/policy/normal/log_std Max                 -0.0252401
trainer/policy/normal/log_std Min                 -1.22228
trainer/Alpha                                      1
trainer/Alpha Loss                                19.0749
exploration/num steps total                     1000
exploration/num paths total                        1
exploration/path length Mean                    1000
exploration/path length Std                        0
exploration/path length Max                     1000
exploration/path length Min                     1000
exploration/Rewards Mean                           3.86826
exploration/Rewards Std                            1.54942
exploration/Rewards Max                            7.3703
exploration/Rewards Min                           -1.24757
exploration/Returns Mean                        3868.26
exploration/Returns Std                            0
exploration/Returns Max                         3868.26
exploration/Returns Min                         3868.26
exploration/Actions Mean                          -0.100973
exploration/Actions Std                            0.834992
exploration/Actions Max                            0.999593
exploration/Actions Min                           -0.999389
exploration/Num Paths                              1
exploration/Average Returns                     3868.26
exploration/env_infos/final/reward_run Mean        6.54036
exploration/env_infos/final/reward_run Std         0
exploration/env_infos/final/reward_run Max         6.54036
exploration/env_infos/final/reward_run Min         6.54036
exploration/env_infos/initial/reward_run Mean      0.505062
exploration/env_infos/initial/reward_run Std       0
exploration/env_infos/initial/reward_run Max       0.505062
exploration/env_infos/initial/reward_run Min       0.505062
exploration/env_infos/reward_run Mean              4.2927
exploration/env_infos/reward_run Std               1.55922
exploration/env_infos/reward_run Max               7.74735
exploration/env_infos/reward_run Min              -0.903902
exploration/env_infos/final/reward_ctrl Mean      -0.488281
exploration/env_infos/final/reward_ctrl Std        0
exploration/env_infos/final/reward_ctrl Max       -0.488281
exploration/env_infos/final/reward_ctrl Min       -0.488281
exploration/env_infos/initial/reward_ctrl Mean    -0.312138
exploration/env_infos/initial/reward_ctrl Std      0
exploration/env_infos/initial/reward_ctrl Max     -0.312138
exploration/env_infos/initial/reward_ctrl Min     -0.312138
exploration/env_infos/reward_ctrl Mean            -0.424445
exploration/env_infos/reward_ctrl Std              0.0774755
exploration/env_infos/reward_ctrl Max             -0.163979
exploration/env_infos/reward_ctrl Min             -0.583782
evaluation/num steps total                      5000
evaluation/num paths total                         5
evaluation/path length Mean                     1000
evaluation/path length Std                         0
evaluation/path length Max                      1000
evaluation/path length Min                      1000
evaluation/Rewards Mean                            4.55142
evaluation/Rewards Std                             1.67732
evaluation/Rewards Max                             7.892
evaluation/Rewards Min                            -2.21644
evaluation/Returns Mean                         4551.42
evaluation/Returns Std                            77.7024
evaluation/Returns Max                          4648.31
evaluation/Returns Min                          4453.88
evaluation/Actions Mean                           -0.119379
evaluation/Actions Std                             0.873843
evaluation/Actions Max                             0.994619
evaluation/Actions Min                            -0.990606
evaluation/Num Paths                               5
evaluation/Average Returns                      4551.42
evaluation/env_infos/final/reward_run Mean         4.59966
evaluation/env_infos/final/reward_run Std          0.594646
evaluation/env_infos/final/reward_run Max          5.73205
evaluation/env_infos/final/reward_run Min          4.09956
evaluation/env_infos/initial/reward_run Mean       0.607135
evaluation/env_infos/initial/reward_run Std        0.134594
evaluation/env_infos/initial/reward_run Max        0.81694
evaluation/env_infos/initial/reward_run Min        0.405498
evaluation/env_infos/reward_run Mean               5.01813
evaluation/env_infos/reward_run Std                1.68242
evaluation/env_infos/reward_run Max                8.32851
evaluation/env_infos/reward_run Min               -1.81118
evaluation/env_infos/final/reward_ctrl Mean       -0.486057
evaluation/env_infos/final/reward_ctrl Std         0.0209544
evaluation/env_infos/final/reward_ctrl Max        -0.468292
evaluation/env_infos/final/reward_ctrl Min        -0.526981
evaluation/env_infos/initial/reward_ctrl Mean     -0.22425
evaluation/env_infos/initial/reward_ctrl Std       0.0114882
evaluation/env_infos/initial/reward_ctrl Max      -0.215673
evaluation/env_infos/initial/reward_ctrl Min      -0.246861
evaluation/env_infos/reward_ctrl Mean             -0.466712
evaluation/env_infos/reward_ctrl Std               0.0592198
evaluation/env_infos/reward_ctrl Max              -0.201104
evaluation/env_infos/reward_ctrl Min              -0.57339
time/data storing (s)                              0.0191667
time/evaluation sampling (s)                      12.6904
time/exploration sampling (s)                      2.89251
time/logging (s)                                   0.0251997
time/sac training (s)                             52.4291
time/saving (s)                                    0.0222631
time/training (s)                                  0.000756482
time/epoch (s)                                    68.0794
time/total (s)                                    93.5114
Epoch                                              0
----------------------------------------------  --------------
2022-11-28 10:33:20.112911 HKT | [halfcheetah-medium-v0-kl10] Epoch 1 finished
----------------------------------------------  ---------------
replay_buffer/size                               2000
trainer/num train calls                          2000
trainer/QF1 Loss                                  113.002
trainer/QF2 Loss                                  105.029
trainer/Policy Loss                               203.272
trainer/Weight Loss                                 0.710061
trainer/Offline Weights Mean                        0.796824
trainer/Offline Weights Std                         0.651019
trainer/Offline Weights Max                         3.23243
trainer/Offline Weights Min                         0
trainer/Online Weights Mean                         1.33888
trainer/Online Weights Std                          0.753335
trainer/Online Weights Max                          3.63362
trainer/Online Weights Min                          0
trainer/RL Samples Weights Mean                     1.09978
trainer/RL Samples Weights Std                      0.777564
trainer/RL Samples Weights Max                      5.19843
trainer/RL Samples Weights Min                      0
trainer/Q1 Predictions Mean                      -201.793
trainer/Q1 Predictions Std                         64.9318
trainer/Q1 Predictions Max                       -174.157
trainer/Q1 Predictions Min                      -1261.01
trainer/Q2 Predictions Mean                      -201.668
trainer/Q2 Predictions Std                         64.9136
trainer/Q2 Predictions Max                       -174.091
trainer/Q2 Predictions Min                      -1259.2
trainer/Q Targets Mean                           -200.03
trainer/Q Targets Std                              65.6168
trainer/Q Targets Max                            -168.551
trainer/Q Targets Min                           -1271.37
trainer/Log Pis Mean                                6.78098
trainer/Log Pis Std                                 3.68802
trainer/Log Pis Max                                17.5764
trainer/Log Pis Min                                -3.89744
trainer/policy/mean Mean                           -0.11479
trainer/policy/mean Std                             0.843108
trainer/policy/mean Max                             0.99546
trainer/policy/mean Min                            -0.990505
trainer/policy/normal/std Mean                      0.527898
trainer/policy/normal/std Std                       0.0988843
trainer/policy/normal/std Max                       0.831521
trainer/policy/normal/std Min                       0.168171
trainer/policy/normal/log_std Mean                 -0.661467
trainer/policy/normal/log_std Std                   0.228681
trainer/policy/normal/log_std Max                  -0.184498
trainer/policy/normal/log_std Min                  -1.78277
trainer/Alpha                                       0.754296
trainer/Alpha Loss                                 15.0832
exploration/num steps total                      2000
exploration/num paths total                         2
exploration/path length Mean                     1000
exploration/path length Std                         0
exploration/path length Max                      1000
exploration/path length Min                      1000
exploration/Rewards Mean                            4.21234
exploration/Rewards Std                             1.54535
exploration/Rewards Max                             7.13632
exploration/Rewards Min                            -1.5177
exploration/Returns Mean                         4212.34
exploration/Returns Std                             0
exploration/Returns Max                          4212.34
exploration/Returns Min                          4212.34
exploration/Actions Mean                           -0.0894753
exploration/Actions Std                             0.833359
exploration/Actions Max                             0.999111
exploration/Actions Min                            -0.999348
exploration/Num Paths                               1
exploration/Average Returns                      4212.34
exploration/env_infos/final/reward_run Mean         2.72574
exploration/env_infos/final/reward_run Std          0
exploration/env_infos/final/reward_run Max          2.72574
exploration/env_infos/final/reward_run Min          2.72574
exploration/env_infos/initial/reward_run Mean       0.665568
exploration/env_infos/initial/reward_run Std        0
exploration/env_infos/initial/reward_run Max        0.665568
exploration/env_infos/initial/reward_run Min        0.665568
exploration/env_infos/reward_run Mean               4.63384
exploration/env_infos/reward_run Std                1.55391
exploration/env_infos/reward_run Max                7.61467
exploration/env_infos/reward_run Min               -1.11789
exploration/env_infos/final/reward_ctrl Mean       -0.532572
exploration/env_infos/final/reward_ctrl Std         0
exploration/env_infos/final/reward_ctrl Max        -0.532572
exploration/env_infos/final/reward_ctrl Min        -0.532572
exploration/env_infos/initial/reward_ctrl Mean     -0.358017
exploration/env_infos/initial/reward_ctrl Std       0
exploration/env_infos/initial/reward_ctrl Max      -0.358017
exploration/env_infos/initial/reward_ctrl Min      -0.358017
exploration/env_infos/reward_ctrl Mean             -0.421496
exploration/env_infos/reward_ctrl Std               0.0725319
exploration/env_infos/reward_ctrl Max              -0.186484
exploration/env_infos/reward_ctrl Min              -0.585715
evaluation/num steps total                      10000
evaluation/num paths total                         10
evaluation/path length Mean                      1000
evaluation/path length Std                          0
evaluation/path length Max                       1000
evaluation/path length Min                       1000
evaluation/Rewards Mean                             4.74802
evaluation/Rewards Std                              1.67226
evaluation/Rewards Max                              7.98052
evaluation/Rewards Min                             -2.28949
evaluation/Returns Mean                          4748.02
evaluation/Returns Std                             87.6261
evaluation/Returns Max                           4921.97
evaluation/Returns Min                           4696.38
evaluation/Actions Mean                            -0.0996445
evaluation/Actions Std                              0.867059
evaluation/Actions Max                              0.993868
evaluation/Actions Min                             -0.991719
evaluation/Num Paths                                5
evaluation/Average Returns                       4748.02
evaluation/env_infos/final/reward_run Mean          5.37773
evaluation/env_infos/final/reward_run Std           2.19268
evaluation/env_infos/final/reward_run Max           8.25374
evaluation/env_infos/final/reward_run Min           2.69391
evaluation/env_infos/initial/reward_run Mean        0.616295
evaluation/env_infos/initial/reward_run Std         0.168043
evaluation/env_infos/initial/reward_run Max         0.826736
evaluation/env_infos/initial/reward_run Min         0.414373
evaluation/env_infos/reward_run Mean                5.20506
evaluation/env_infos/reward_run Std                 1.68138
evaluation/env_infos/reward_run Max                 8.45378
evaluation/env_infos/reward_run Min                -1.88525
evaluation/env_infos/final/reward_ctrl Mean        -0.440787
evaluation/env_infos/final/reward_ctrl Std          0.0556147
evaluation/env_infos/final/reward_ctrl Max         -0.351959
evaluation/env_infos/final/reward_ctrl Min         -0.504738
evaluation/env_infos/initial/reward_ctrl Mean      -0.247169
evaluation/env_infos/initial/reward_ctrl Std        0.0437108
evaluation/env_infos/initial/reward_ctrl Max       -0.18636
evaluation/env_infos/initial/reward_ctrl Min       -0.292267
evaluation/env_infos/reward_ctrl Mean              -0.457032
evaluation/env_infos/reward_ctrl Std                0.0580809
evaluation/env_infos/reward_ctrl Max               -0.180547
evaluation/env_infos/reward_ctrl Min               -0.579666
time/data storing (s)                               0.0186089
time/evaluation sampling (s)                       13.3919
time/exploration sampling (s)                       2.74865
time/logging (s)                                    0.0238017
time/sac training (s)                              54.0346
time/saving (s)                                     0.0512045
time/training (s)                                   0.000401718
time/epoch (s)                                     70.2692
time/total (s)                                    167.179
Epoch                                               1
----------------------------------------------  ---------------
2022-11-28 10:34:35.581458 HKT | [halfcheetah-medium-v0-kl10] Epoch 2 finished
----------------------------------------------  ---------------
replay_buffer/size                               3000
trainer/num train calls                          3000
trainer/QF1 Loss                                   77.9197
trainer/QF2 Loss                                   75.1272
trainer/Policy Loss                               176.993
trainer/Weight Loss                                -0.0127461
trainer/Offline Weights Mean                        0.733366
trainer/Offline Weights Std                         0.603606
trainer/Offline Weights Max                         3.09869
trainer/Offline Weights Min                         0
trainer/Online Weights Mean                         1.45118
trainer/Online Weights Std                          0.728114
trainer/Online Weights Max                          4.15653
trainer/Online Weights Min                          0
trainer/RL Samples Weights Mean                     1.14423
trainer/RL Samples Weights Std                      0.764126
trainer/RL Samples Weights Max                      4.1318
trainer/RL Samples Weights Min                      0
trainer/Q1 Predictions Mean                      -176.018
trainer/Q1 Predictions Std                         64.1598
trainer/Q1 Predictions Max                       -148.796
trainer/Q1 Predictions Min                      -1254.86
trainer/Q2 Predictions Mean                      -175.767
trainer/Q2 Predictions Std                         64.0162
trainer/Q2 Predictions Max                       -148.03
trainer/Q2 Predictions Min                      -1240.95
trainer/Q Targets Mean                           -174.6
trainer/Q Targets Std                              62.7157
trainer/Q Targets Max                            -146.513
trainer/Q Targets Min                           -1233.91
trainer/Log Pis Mean                                8.13008
trainer/Log Pis Std                                 3.46759
trainer/Log Pis Max                                18.6033
trainer/Log Pis Min                                -0.953889
trainer/policy/mean Mean                           -0.089728
trainer/policy/mean Std                             0.867622
trainer/policy/mean Max                             0.997523
trainer/policy/mean Min                            -0.993246
trainer/policy/normal/std Mean                      0.503428
trainer/policy/normal/std Std                       0.0968083
trainer/policy/normal/std Max                       0.97996
trainer/policy/normal/std Min                       0.156561
trainer/policy/normal/log_std Mean                 -0.709944
trainer/policy/normal/log_std Std                   0.232969
trainer/policy/normal/log_std Max                  -0.0202437
trainer/policy/normal/log_std Min                  -1.85431
trainer/Alpha                                       0.584054
trainer/Alpha Loss                                 11.5795
exploration/num steps total                      3000
exploration/num paths total                         3
exploration/path length Mean                     1000
exploration/path length Std                         0
exploration/path length Max                      1000
exploration/path length Min                      1000
exploration/Rewards Mean                            4.2574
exploration/Rewards Std                             1.58343
exploration/Rewards Max                             7.30382
exploration/Rewards Min                            -2.12793
exploration/Returns Mean                         4257.4
exploration/Returns Std                             0
exploration/Returns Max                          4257.4
exploration/Returns Min                          4257.4
exploration/Actions Mean                           -0.0955145
exploration/Actions Std                             0.848707
exploration/Actions Max                             0.999817
exploration/Actions Min                            -0.999401
exploration/Num Paths                               1
exploration/Average Returns                      4257.4
exploration/env_infos/final/reward_run Mean         6.94895
exploration/env_infos/final/reward_run Std          0
exploration/env_infos/final/reward_run Max          6.94895
exploration/env_infos/final/reward_run Min          6.94895
exploration/env_infos/initial/reward_run Mean       0.609103
exploration/env_infos/initial/reward_run Std        0
exploration/env_infos/initial/reward_run Max        0.609103
exploration/env_infos/initial/reward_run Min        0.609103
exploration/env_infos/reward_run Mean               4.69505
exploration/env_infos/reward_run Std                1.59131
exploration/env_infos/reward_run Max                7.79718
exploration/env_infos/reward_run Min               -1.78923
exploration/env_infos/final/reward_ctrl Mean       -0.457532
exploration/env_infos/final/reward_ctrl Std         0
exploration/env_infos/final/reward_ctrl Max        -0.457532
exploration/env_infos/final/reward_ctrl Min        -0.457532
exploration/env_infos/initial/reward_ctrl Mean     -0.2965
exploration/env_infos/initial/reward_ctrl Std       0
exploration/env_infos/initial/reward_ctrl Max      -0.2965
exploration/env_infos/initial/reward_ctrl Min      -0.2965
exploration/env_infos/reward_ctrl Mean             -0.437656
exploration/env_infos/reward_ctrl Std               0.0690051
exploration/env_infos/reward_ctrl Max              -0.20661
exploration/env_infos/reward_ctrl Min              -0.581225
evaluation/num steps total                      15000
evaluation/num paths total                         15
evaluation/path length Mean                      1000
evaluation/path length Std                          0
evaluation/path length Max                       1000
evaluation/path length Min                       1000
evaluation/Rewards Mean                             4.74788
evaluation/Rewards Std                              1.68145
evaluation/Rewards Max                              7.90864
evaluation/Rewards Min                             -2.30484
evaluation/Returns Mean                          4747.88
evaluation/Returns Std                             83.6059
evaluation/Returns Max                           4883.58
evaluation/Returns Min                           4621.55
evaluation/Actions Mean                            -0.102099
evaluation/Actions Std                              0.877621
evaluation/Actions Max                              0.996374
evaluation/Actions Min                             -0.992274
evaluation/Num Paths                                5
evaluation/Average Returns                       4747.88
evaluation/env_infos/final/reward_run Mean          3.77118
evaluation/env_infos/final/reward_run Std           0.807336
evaluation/env_infos/final/reward_run Max           4.73717
evaluation/env_infos/final/reward_run Min           2.31548
evaluation/env_infos/initial/reward_run Mean        0.628011
evaluation/env_infos/initial/reward_run Std         0.0273204
evaluation/env_infos/initial/reward_run Max         0.671009
evaluation/env_infos/initial/reward_run Min         0.593371
evaluation/env_infos/reward_run Mean                5.21627
evaluation/env_infos/reward_run Std                 1.68795
evaluation/env_infos/reward_run Max                 8.38047
evaluation/env_infos/reward_run Min                -1.84741
evaluation/env_infos/final/reward_ctrl Mean        -0.484027
evaluation/env_infos/final/reward_ctrl Std          0.0198547
evaluation/env_infos/final/reward_ctrl Max         -0.456673
evaluation/env_infos/final/reward_ctrl Min         -0.509856
evaluation/env_infos/initial/reward_ctrl Mean      -0.310432
evaluation/env_infos/initial/reward_ctrl Std        0.016845
evaluation/env_infos/initial/reward_ctrl Max       -0.294388
evaluation/env_infos/initial/reward_ctrl Min       -0.337194
evaluation/env_infos/reward_ctrl Mean              -0.468385
evaluation/env_infos/reward_ctrl Std                0.0553747
evaluation/env_infos/reward_ctrl Max               -0.221903
evaluation/env_infos/reward_ctrl Min               -0.580302
time/data storing (s)                               0.0342596
time/evaluation sampling (s)                       15.1257
time/exploration sampling (s)                       4.10328
time/logging (s)                                    0.0219584
time/sac training (s)                              52.7692
time/saving (s)                                     0.0436714
time/training (s)                                   0.000407297
time/epoch (s)                                     72.0985
time/total (s)                                    242.611
Epoch                                               2
----------------------------------------------  ---------------
2022-11-28 10:35:46.856891 HKT | [halfcheetah-medium-v0-kl10] Epoch 3 finished
----------------------------------------------  ---------------
replay_buffer/size                               4000
trainer/num train calls                          4000
trainer/QF1 Loss                                   64.9686
trainer/QF2 Loss                                   62.9332
trainer/Policy Loss                               147.677
trainer/Weight Loss                                 0.0263117
trainer/Offline Weights Mean                        0.867096
trainer/Offline Weights Std                         0.505537
trainer/Offline Weights Max                         2.752
trainer/Offline Weights Min                         0
trainer/Online Weights Mean                         1.20123
trainer/Online Weights Std                          0.427339
trainer/Online Weights Max                          2.71398
trainer/Online Weights Min                          0
trainer/RL Samples Weights Mean                     1.04112
trainer/RL Samples Weights Std                      0.47019
trainer/RL Samples Weights Max                      3.00814
trainer/RL Samples Weights Min                      0
trainer/Q1 Predictions Mean                      -147.041
trainer/Q1 Predictions Std                         17.3791
trainer/Q1 Predictions Max                       -122.768
trainer/Q1 Predictions Min                       -356.156
trainer/Q2 Predictions Mean                      -146.816
trainer/Q2 Predictions Std                         17.6456
trainer/Q2 Predictions Max                       -121.447
trainer/Q2 Predictions Min                       -364.568
trainer/Q Targets Mean                           -146.916
trainer/Q Targets Std                              18.1941
trainer/Q Targets Max                            -121.044
trainer/Q Targets Min                            -373.34
trainer/Log Pis Mean                                9.04825
trainer/Log Pis Std                                 3.89919
trainer/Log Pis Max                                17.5753
trainer/Log Pis Min                                -3.131
trainer/policy/mean Mean                           -0.0941079
trainer/policy/mean Std                             0.87193
trainer/policy/mean Max                             0.997354
trainer/policy/mean Min                            -0.99434
trainer/policy/normal/std Mean                      0.484608
trainer/policy/normal/std Std                       0.100756
trainer/policy/normal/std Max                       0.687916
trainer/policy/normal/std Min                       0.159375
trainer/policy/normal/log_std Mean                 -0.753941
trainer/policy/normal/log_std Std                   0.264402
trainer/policy/normal/log_std Max                  -0.374088
trainer/policy/normal/log_std Min                  -1.8365
trainer/Alpha                                       0.459016
trainer/Alpha Loss                                  9.18011
exploration/num steps total                      4000
exploration/num paths total                         4
exploration/path length Mean                     1000
exploration/path length Std                         0
exploration/path length Max                      1000
exploration/path length Min                      1000
exploration/Rewards Mean                            4.44046
exploration/Rewards Std                             1.61968
exploration/Rewards Max                             7.74762
exploration/Rewards Min                            -1.61491
exploration/Returns Mean                         4440.46
exploration/Returns Std                             0
exploration/Returns Max                          4440.46
exploration/Returns Min                          4440.46
exploration/Actions Mean                           -0.0993806
exploration/Actions Std                             0.86179
exploration/Actions Max                             0.9998
exploration/Actions Min                            -0.999477
exploration/Num Paths                               1
exploration/Average Returns                      4440.46
exploration/env_infos/final/reward_run Mean         4.64224
exploration/env_infos/final/reward_run Std          0
exploration/env_infos/final/reward_run Max          4.64224
exploration/env_infos/final/reward_run Min          4.64224
exploration/env_infos/initial/reward_run Mean       0.545764
exploration/env_infos/initial/reward_run Std        0
exploration/env_infos/initial/reward_run Max        0.545764
exploration/env_infos/initial/reward_run Min        0.545764
exploration/env_infos/reward_run Mean               4.89199
exploration/env_infos/reward_run Std                1.63047
exploration/env_infos/reward_run Max                8.23224
exploration/env_infos/reward_run Min               -1.15465
exploration/env_infos/final/reward_ctrl Mean       -0.46278
exploration/env_infos/final/reward_ctrl Std         0
exploration/env_infos/final/reward_ctrl Max        -0.46278
exploration/env_infos/final/reward_ctrl Min        -0.46278
exploration/env_infos/initial/reward_ctrl Mean     -0.385333
exploration/env_infos/initial/reward_ctrl Std       0
exploration/env_infos/initial/reward_ctrl Max      -0.385333
exploration/env_infos/initial/reward_ctrl Min      -0.385333
exploration/env_infos/reward_ctrl Mean             -0.451535
exploration/env_infos/reward_ctrl Std               0.0706182
exploration/env_infos/reward_ctrl Max              -0.14657
exploration/env_infos/reward_ctrl Min              -0.586801
evaluation/num steps total                      20000
evaluation/num paths total                         20
evaluation/path length Mean                      1000
evaluation/path length Std                          0
evaluation/path length Max                       1000
evaluation/path length Min                       1000
evaluation/Rewards Mean                             4.97612
evaluation/Rewards Std                              1.7441
evaluation/Rewards Max                              8.21065
evaluation/Rewards Min                             -2.13221
evaluation/Returns Mean                          4976.12
evaluation/Returns Std                             38.5318
evaluation/Returns Max                           5047.74
evaluation/Returns Min                           4940.97
evaluation/Actions Mean                            -0.115568
evaluation/Actions Std                              0.890874
evaluation/Actions Max                              0.997823
evaluation/Actions Min                             -0.994605
evaluation/Num Paths                                5
evaluation/Average Returns                       4976.12
evaluation/env_infos/final/reward_run Mean          4.54805
evaluation/env_infos/final/reward_run Std           0.603789
evaluation/env_infos/final/reward_run Max           5.14572
evaluation/env_infos/final/reward_run Min           3.43899
evaluation/env_infos/initial/reward_run Mean        0.529965
evaluation/env_infos/initial/reward_run Std         0.0754787
evaluation/env_infos/initial/reward_run Max         0.665371
evaluation/env_infos/initial/reward_run Min         0.455369
evaluation/env_infos/reward_run Mean                5.46033
evaluation/env_infos/reward_run Std                 1.75055
evaluation/env_infos/reward_run Max                 8.69281
evaluation/env_infos/reward_run Min                -1.68021
evaluation/env_infos/final/reward_ctrl Mean        -0.455346
evaluation/env_infos/final/reward_ctrl Std          0.0189561
evaluation/env_infos/final/reward_ctrl Max         -0.426881
evaluation/env_infos/final/reward_ctrl Min         -0.478365
evaluation/env_infos/initial/reward_ctrl Mean      -0.338009
evaluation/env_infos/initial/reward_ctrl Std        0.0141746
evaluation/env_infos/initial/reward_ctrl Max       -0.312223
evaluation/env_infos/initial/reward_ctrl Min       -0.351083
evaluation/env_infos/reward_ctrl Mean              -0.484207
evaluation/env_infos/reward_ctrl Std                0.0451195
evaluation/env_infos/reward_ctrl Max               -0.230835
evaluation/env_infos/reward_ctrl Min               -0.585731
time/data storing (s)                               0.0190937
time/evaluation sampling (s)                       11.8879
time/exploration sampling (s)                       2.68653
time/logging (s)                                    0.0282334
time/sac training (s)                              53.1921
time/saving (s)                                     0.0548491
time/training (s)                                   0.000528878
time/epoch (s)                                     67.8693
time/total (s)                                    313.858
Epoch                                               3
----------------------------------------------  ---------------
2022-11-28 10:37:07.148784 HKT | [halfcheetah-medium-v0-kl10] Epoch 4 finished
----------------------------------------------  ---------------
replay_buffer/size                               5000
trainer/num train calls                          5000
trainer/QF1 Loss                                   52.1921
trainer/QF2 Loss                                   53.4726
trainer/Policy Loss                               124.747
trainer/Weight Loss                                 0.281543
trainer/Offline Weights Mean                        3.43824
trainer/Offline Weights Std                         3.58801
trainer/Offline Weights Max                        14.6506
trainer/Offline Weights Min                         0
trainer/Online Weights Mean                         3.71971
trainer/Online Weights Std                          3.03036
trainer/Online Weights Max                         14.1193
trainer/Online Weights Min                          0
trainer/RL Samples Weights Mean                     3.81292
trainer/RL Samples Weights Std                      3.21056
trainer/RL Samples Weights Max                     14.5173
trainer/RL Samples Weights Min                      0.0470794
trainer/Q1 Predictions Mean                      -124.216
trainer/Q1 Predictions Std                         15.7991
trainer/Q1 Predictions Max                        -99.5337
trainer/Q1 Predictions Min                       -222.208
trainer/Q2 Predictions Mean                      -124.098
trainer/Q2 Predictions Std                         15.7804
trainer/Q2 Predictions Max                        -99.4079
trainer/Q2 Predictions Min                       -219.666
trainer/Q Targets Mean                           -123.539
trainer/Q Targets Std                              16.4219
trainer/Q Targets Max                             -98.8346
trainer/Q Targets Min                            -234.83
trainer/Log Pis Mean                                9.56078
trainer/Log Pis Std                                 3.54728
trainer/Log Pis Max                                18.6409
trainer/Log Pis Min                                 0.655923
trainer/policy/mean Mean                           -0.094918
trainer/policy/mean Std                             0.875336
trainer/policy/mean Max                             0.996011
trainer/policy/mean Min                            -0.995425
trainer/policy/normal/std Mean                      0.467615
trainer/policy/normal/std Std                       0.105989
trainer/policy/normal/std Max                       0.692114
trainer/policy/normal/std Min                       0.128483
trainer/policy/normal/log_std Mean                 -0.795109
trainer/policy/normal/log_std Std                   0.288266
trainer/policy/normal/log_std Max                  -0.368004
trainer/policy/normal/log_std Min                  -2.05196
trainer/Alpha                                       0.363776
trainer/Alpha Loss                                  7.25124
exploration/num steps total                      5000
exploration/num paths total                         5
exploration/path length Mean                     1000
exploration/path length Std                         0
exploration/path length Max                      1000
exploration/path length Min                      1000
exploration/Rewards Mean                            4.46537
exploration/Rewards Std                             1.59056
exploration/Rewards Max                             7.67227
exploration/Rewards Min                            -1.92242
exploration/Returns Mean                         4465.37
exploration/Returns Std                             0
exploration/Returns Max                          4465.37
exploration/Returns Min                          4465.37
exploration/Actions Mean                           -0.0943537
exploration/Actions Std                             0.867721
exploration/Actions Max                             0.999617
exploration/Actions Min                            -0.999616
exploration/Num Paths                               1
exploration/Average Returns                      4465.37
exploration/env_infos/final/reward_run Mean         3.38855
exploration/env_infos/final/reward_run Std          0
exploration/env_infos/final/reward_run Max          3.38855
exploration/env_infos/final/reward_run Min          3.38855
exploration/env_infos/initial/reward_run Mean       0.860872
exploration/env_infos/initial/reward_run Std        0
exploration/env_infos/initial/reward_run Max        0.860872
exploration/env_infos/initial/reward_run Min        0.860872
exploration/env_infos/reward_run Mean               4.92247
exploration/env_infos/reward_run Std                1.59722
exploration/env_infos/reward_run Max                8.15991
exploration/env_infos/reward_run Min               -1.51457
exploration/env_infos/final/reward_ctrl Mean       -0.502888
exploration/env_infos/final/reward_ctrl Std         0
exploration/env_infos/final/reward_ctrl Max        -0.502888
exploration/env_infos/final/reward_ctrl Min        -0.502888
exploration/env_infos/initial/reward_ctrl Mean     -0.349792
exploration/env_infos/initial/reward_ctrl Std       0
exploration/env_infos/initial/reward_ctrl Max      -0.349792
exploration/env_infos/initial/reward_ctrl Min      -0.349792
exploration/env_infos/reward_ctrl Mean             -0.457105
exploration/env_infos/reward_ctrl Std               0.0654683
exploration/env_infos/reward_ctrl Max              -0.214737
exploration/env_infos/reward_ctrl Min              -0.585618
evaluation/num steps total                      25000
evaluation/num paths total                         25
evaluation/path length Mean                      1000
evaluation/path length Std                          0
evaluation/path length Max                       1000
evaluation/path length Min                       1000
evaluation/Rewards Mean                             4.85964
evaluation/Rewards Std                              1.72466
evaluation/Rewards Max                              7.90011
evaluation/Rewards Min                             -2.30402
evaluation/Returns Mean                          4859.64
evaluation/Returns Std                             49.1929
evaluation/Returns Max                           4920.61
evaluation/Returns Min                           4777.06
evaluation/Actions Mean                            -0.122368
evaluation/Actions Std                              0.892953
evaluation/Actions Max                              0.997356
evaluation/Actions Min                             -0.995871
evaluation/Num Paths                                5
evaluation/Average Returns                       4859.64
evaluation/env_infos/final/reward_run Mean          4.74217
evaluation/env_infos/final/reward_run Std           0.329693
evaluation/env_infos/final/reward_run Max           5.14958
evaluation/env_infos/final/reward_run Min           4.22783
evaluation/env_infos/initial/reward_run Mean        0.562432
evaluation/env_infos/initial/reward_run Std         0.0979594
evaluation/env_infos/initial/reward_run Max         0.716664
evaluation/env_infos/initial/reward_run Min         0.429811
evaluation/env_infos/reward_run Mean                5.34704
evaluation/env_infos/reward_run Std                 1.72752
evaluation/env_infos/reward_run Max                 8.38409
evaluation/env_infos/reward_run Min                -1.82159
evaluation/env_infos/final/reward_ctrl Mean        -0.48564
evaluation/env_infos/final/reward_ctrl Std          0.0135432
evaluation/env_infos/final/reward_ctrl Max         -0.464152
evaluation/env_infos/final/reward_ctrl Min         -0.501431
evaluation/env_infos/initial/reward_ctrl Mean      -0.345655
evaluation/env_infos/initial/reward_ctrl Std        0.0336686
evaluation/env_infos/initial/reward_ctrl Max       -0.281808
evaluation/env_infos/initial/reward_ctrl Min       -0.372949
evaluation/env_infos/reward_ctrl Mean              -0.487404
evaluation/env_infos/reward_ctrl Std                0.0487213
evaluation/env_infos/reward_ctrl Max               -0.242758
evaluation/env_infos/reward_ctrl Min               -0.585383
time/data storing (s)                               0.0283516
time/evaluation sampling (s)                       18.6476
time/exploration sampling (s)                       2.41239
time/logging (s)                                    0.0224836
time/sac training (s)                              55.6063
time/saving (s)                                     0.037547
time/training (s)                                   0.000385178
time/epoch (s)                                     76.755
time/total (s)                                    394.107
Epoch                                               4
----------------------------------------------  ---------------
2022-11-28 10:38:21.660241 HKT | [halfcheetah-medium-v0-kl10] Epoch 5 finished
----------------------------------------------  ---------------
replay_buffer/size                               6000
trainer/num train calls                          6000
trainer/QF1 Loss                                   57.5081
trainer/QF2 Loss                                   52.0105
trainer/Policy Loss                               102.621
trainer/Weight Loss                                -0.215492
trainer/Offline Weights Mean                        0.784854
trainer/Offline Weights Std                         0.535399
trainer/Offline Weights Max                         3.73332
trainer/Offline Weights Min                         0
trainer/Online Weights Mean                         1.34471
trainer/Online Weights Std                          0.679804
trainer/Online Weights Max                          4.91717
trainer/Online Weights Min                          0.19038
trainer/RL Samples Weights Mean                     1.15077
trainer/RL Samples Weights Std                      0.626503
trainer/RL Samples Weights Max                      3.77517
trainer/RL Samples Weights Min                      0
trainer/Q1 Predictions Mean                      -101.882
trainer/Q1 Predictions Std                         61.2313
trainer/Q1 Predictions Max                        -73.9659
trainer/Q1 Predictions Min                      -1101.47
trainer/Q2 Predictions Mean                      -101.752
trainer/Q2 Predictions Std                         60.6002
trainer/Q2 Predictions Max                        -75.1346
trainer/Q2 Predictions Min                      -1099.54
trainer/Q Targets Mean                           -101.272
trainer/Q Targets Std                              60.8566
trainer/Q Targets Max                             -72.9963
trainer/Q Targets Min                           -1103.18
trainer/Log Pis Mean                               10.7333
trainer/Log Pis Std                                 3.9538
trainer/Log Pis Max                                19.5815
trainer/Log Pis Min                                 0.305803
trainer/policy/mean Mean                           -0.127726
trainer/policy/mean Std                             0.88924
trainer/policy/mean Max                             0.997675
trainer/policy/mean Min                            -0.995448
trainer/policy/normal/std Mean                      0.473305
trainer/policy/normal/std Std                       0.102955
trainer/policy/normal/std Max                       0.917897
trainer/policy/normal/std Min                       0.12504
trainer/policy/normal/log_std Mean                 -0.78038
trainer/policy/normal/log_std Std                   0.2782
trainer/policy/normal/log_std Max                  -0.0856697
trainer/policy/normal/log_std Min                  -2.07912
trainer/Alpha                                       0.289503
trainer/Alpha Loss                                  5.66379
exploration/num steps total                      6000
exploration/num paths total                         6
exploration/path length Mean                     1000
exploration/path length Std                         0
exploration/path length Max                      1000
exploration/path length Min                      1000
exploration/Rewards Mean                            4.61334
exploration/Rewards Std                             1.64665
exploration/Rewards Max                             7.96813
exploration/Rewards Min                            -2.0688
exploration/Returns Mean                         4613.34
exploration/Returns Std                             0
exploration/Returns Max                          4613.34
exploration/Returns Min                          4613.34
exploration/Actions Mean                           -0.0981126
exploration/Actions Std                             0.880574
exploration/Actions Max                             0.999662
exploration/Actions Min                            -0.999603
exploration/Num Paths                               1
exploration/Average Returns                      4613.34
exploration/env_infos/final/reward_run Mean         4.55701
exploration/env_infos/final/reward_run Std          0
exploration/env_infos/final/reward_run Max          4.55701
exploration/env_infos/final/reward_run Min          4.55701
exploration/env_infos/initial/reward_run Mean       0.358683
exploration/env_infos/initial/reward_run Std        0
exploration/env_infos/initial/reward_run Max        0.358683
exploration/env_infos/initial/reward_run Min        0.358683
exploration/env_infos/reward_run Mean               5.08436
exploration/env_infos/reward_run Std                1.65723
exploration/env_infos/reward_run Max                8.42599
exploration/env_infos/reward_run Min               -1.55019
exploration/env_infos/final/reward_ctrl Mean       -0.429179
exploration/env_infos/final/reward_ctrl Std         0
exploration/env_infos/final/reward_ctrl Max        -0.429179
exploration/env_infos/final/reward_ctrl Min        -0.429179
exploration/env_infos/initial/reward_ctrl Mean     -0.325157
exploration/env_infos/initial/reward_ctrl Std       0
exploration/env_infos/initial/reward_ctrl Max      -0.325157
exploration/env_infos/initial/reward_ctrl Min      -0.325157
exploration/env_infos/reward_ctrl Mean             -0.471022
exploration/env_infos/reward_ctrl Std               0.0650205
exploration/env_infos/reward_ctrl Max              -0.191366
exploration/env_infos/reward_ctrl Min              -0.590077
evaluation/num steps total                      30000
evaluation/num paths total                         30
evaluation/path length Mean                      1000
evaluation/path length Std                          0
evaluation/path length Max                       1000
evaluation/path length Min                       1000
evaluation/Rewards Mean                             4.91553
evaluation/Rewards Std                              1.71899
evaluation/Rewards Max                              8.04692
evaluation/Rewards Min                             -2.10664
evaluation/Returns Mean                          4915.53
evaluation/Returns Std                             49.2132
evaluation/Returns Max                           4983.01
evaluation/Returns Min                           4847.66
evaluation/Actions Mean                            -0.11694
evaluation/Actions Std                              0.901352
evaluation/Actions Max                              0.997462
evaluation/Actions Min                             -0.996592
evaluation/Num Paths                                5
evaluation/Average Returns                       4915.53
evaluation/env_infos/final/reward_run Mean          5.00822
evaluation/env_infos/final/reward_run Std           0.206928
evaluation/env_infos/final/reward_run Max           5.29396
evaluation/env_infos/final/reward_run Min           4.71984
evaluation/env_infos/initial/reward_run Mean        0.560402
evaluation/env_infos/initial/reward_run Std         0.0761726
evaluation/env_infos/initial/reward_run Max         0.686771
evaluation/env_infos/initial/reward_run Min         0.466972
evaluation/env_infos/reward_run Mean                5.4112
evaluation/env_infos/reward_run Std                 1.7229
evaluation/env_infos/reward_run Max                 8.54987
evaluation/env_infos/reward_run Min                -1.63883
evaluation/env_infos/final/reward_ctrl Mean        -0.490321
evaluation/env_infos/final/reward_ctrl Std          0.0461351
evaluation/env_infos/final/reward_ctrl Max         -0.417667
evaluation/env_infos/final/reward_ctrl Min         -0.554376
evaluation/env_infos/initial/reward_ctrl Mean      -0.361164
evaluation/env_infos/initial/reward_ctrl Std        0.015208
evaluation/env_infos/initial/reward_ctrl Max       -0.343597
evaluation/env_infos/initial/reward_ctrl Min       -0.388132
evaluation/env_infos/reward_ctrl Mean              -0.495666
evaluation/env_infos/reward_ctrl Std                0.048827
evaluation/env_infos/reward_ctrl Max               -0.237697
evaluation/env_infos/reward_ctrl Min               -0.58881
time/data storing (s)                               0.0365141
time/evaluation sampling (s)                       13.2367
time/exploration sampling (s)                       4.14877
time/logging (s)                                    0.025975
time/sac training (s)                              53.6313
time/saving (s)                                     0.034406
time/training (s)                                   0.000553259
time/epoch (s)                                     71.1142
time/total (s)                                    468.587
Epoch                                               5
----------------------------------------------  ---------------
2022-11-28 10:39:41.794489 HKT | [halfcheetah-medium-v0-kl10] Epoch 6 finished
----------------------------------------------  ---------------
replay_buffer/size                               7000
trainer/num train calls                          7000
trainer/QF1 Loss                                   35.9746
trainer/QF2 Loss                                   37.1222
trainer/Policy Loss                                68.7592
trainer/Weight Loss                                 0.102551
trainer/Offline Weights Mean                        0.821149
trainer/Offline Weights Std                         0.559026
trainer/Offline Weights Max                         3.28748
trainer/Offline Weights Min                         0
trainer/Online Weights Mean                         1.33849
trainer/Online Weights Std                          0.747207
trainer/Online Weights Max                          5.04032
trainer/Online Weights Min                          0
trainer/RL Samples Weights Mean                     1.17158
trainer/RL Samples Weights Std                      0.577442
trainer/RL Samples Weights Max                      3.35234
trainer/RL Samples Weights Min                      0
trainer/Q1 Predictions Mean                       -68.2836
trainer/Q1 Predictions Std                         13.6344
trainer/Q1 Predictions Max                        -45.1569
trainer/Q1 Predictions Min                       -170.325
trainer/Q2 Predictions Mean                       -68.3095
trainer/Q2 Predictions Std                         13.5706
trainer/Q2 Predictions Max                        -46.7597
trainer/Q2 Predictions Min                       -171.496
trainer/Q Targets Mean                            -68.2437
trainer/Q Targets Std                              13.7685
trainer/Q Targets Max                             -44.588
trainer/Q Targets Min                            -170.907
trainer/Log Pis Mean                               12.3909
trainer/Log Pis Std                                 3.73254
trainer/Log Pis Max                                21.108
trainer/Log Pis Min                                 3.11608
trainer/policy/mean Mean                           -0.173626
trainer/policy/mean Std                             0.899217
trainer/policy/mean Max                             0.997553
trainer/policy/mean Min                            -0.995961
trainer/policy/normal/std Mean                      0.471067
trainer/policy/normal/std Std                       0.103649
trainer/policy/normal/std Max                       0.712238
trainer/policy/normal/std Min                       0.102019
trainer/policy/normal/log_std Mean                 -0.788426
trainer/policy/normal/log_std Std                   0.297431
trainer/policy/normal/log_std Max                  -0.339343
trainer/policy/normal/log_std Min                  -2.28259
trainer/Alpha                                       0.230953
trainer/Alpha Loss                                  4.66928
exploration/num steps total                      7000
exploration/num paths total                         7
exploration/path length Mean                     1000
exploration/path length Std                         0
exploration/path length Max                      1000
exploration/path length Min                      1000
exploration/Rewards Mean                            4.73013
exploration/Rewards Std                             1.68234
exploration/Rewards Max                             7.79359
exploration/Rewards Min                            -2.22988
exploration/Returns Mean                         4730.13
exploration/Returns Std                             0
exploration/Returns Max                          4730.13
exploration/Returns Min                          4730.13
exploration/Actions Mean                           -0.12453
exploration/Actions Std                             0.893776
exploration/Actions Max                             0.999873
exploration/Actions Min                            -0.999753
exploration/Num Paths                               1
exploration/Average Returns                      4730.13
exploration/env_infos/final/reward_run Mean         4.47128
exploration/env_infos/final/reward_run Std          0
exploration/env_infos/final/reward_run Max          4.47128
exploration/env_infos/final/reward_run Min          4.47128
exploration/env_infos/initial/reward_run Mean       0.566011
exploration/env_infos/initial/reward_run Std        0
exploration/env_infos/initial/reward_run Max        0.566011
exploration/env_infos/initial/reward_run Min        0.566011
exploration/env_infos/reward_run Mean               5.21874
exploration/env_infos/reward_run Std                1.68809
exploration/env_infos/reward_run Max                8.28138
exploration/env_infos/reward_run Min               -1.75635
exploration/env_infos/final/reward_ctrl Mean       -0.491026
exploration/env_infos/final/reward_ctrl Std         0
exploration/env_infos/final/reward_ctrl Max        -0.491026
exploration/env_infos/final/reward_ctrl Min        -0.491026
exploration/env_infos/initial/reward_ctrl Mean     -0.405018
exploration/env_infos/initial/reward_ctrl Std       0
exploration/env_infos/initial/reward_ctrl Max      -0.405018
exploration/env_infos/initial/reward_ctrl Min      -0.405018
exploration/env_infos/reward_ctrl Mean             -0.488606
exploration/env_infos/reward_ctrl Std               0.0612583
exploration/env_infos/reward_ctrl Max              -0.243264
exploration/env_infos/reward_ctrl Min              -0.589956
evaluation/num steps total                      35000
evaluation/num paths total                         35
evaluation/path length Mean                      1000
evaluation/path length Std                          0
evaluation/path length Max                       1000
evaluation/path length Min                       1000
evaluation/Rewards Mean                             4.78449
evaluation/Rewards Std                              1.6995
evaluation/Rewards Max                              7.80982
evaluation/Rewards Min                             -2.13066
evaluation/Returns Mean                          4784.49
evaluation/Returns Std                             84.0468
evaluation/Returns Max                           4883.11
evaluation/Returns Min                           4686.19
evaluation/Actions Mean                            -0.128064
evaluation/Actions Std                              0.908821
evaluation/Actions Max                              0.998886
evaluation/Actions Min                             -0.996882
evaluation/Num Paths                                5
evaluation/Average Returns                       4784.49
evaluation/env_infos/final/reward_run Mean          4.7675
evaluation/env_infos/final/reward_run Std           0.195359
evaluation/env_infos/final/reward_run Max           5.01013
evaluation/env_infos/final/reward_run Min           4.5231
evaluation/env_infos/initial/reward_run Mean        0.617296
evaluation/env_infos/initial/reward_run Std         0.0770435
evaluation/env_infos/initial/reward_run Max         0.737201
evaluation/env_infos/initial/reward_run Min         0.515881
evaluation/env_infos/reward_run Mean                5.2899
evaluation/env_infos/reward_run Std                 1.70133
evaluation/env_infos/reward_run Max                 8.29474
evaluation/env_infos/reward_run Min                -1.62903
evaluation/env_infos/final/reward_ctrl Mean        -0.507605
evaluation/env_infos/final/reward_ctrl Std          0.01331
evaluation/env_infos/final/reward_ctrl Max         -0.491374
evaluation/env_infos/final/reward_ctrl Min         -0.520403
evaluation/env_infos/initial/reward_ctrl Mean      -0.379101
evaluation/env_infos/initial/reward_ctrl Std        0.0165121
evaluation/env_infos/initial/reward_ctrl Max       -0.353855
evaluation/env_infos/initial/reward_ctrl Min       -0.395891
evaluation/env_infos/reward_ctrl Mean              -0.505414
evaluation/env_infos/reward_ctrl Std                0.0501381
evaluation/env_infos/reward_ctrl Max               -0.254395
evaluation/env_infos/reward_ctrl Min               -0.589736
time/data storing (s)                               0.0360156
time/evaluation sampling (s)                       18.8028
time/exploration sampling (s)                       4.25084
time/logging (s)                                    0.0262746
time/sac training (s)                              53.5499
time/saving (s)                                     0.0399369
time/training (s)                                   0.000470517
time/epoch (s)                                     76.7062
time/total (s)                                    548.686
Epoch                                               6
----------------------------------------------  ---------------
2022-11-28 10:40:56.323142 HKT | [halfcheetah-medium-v0-kl10] Epoch 7 finished
----------------------------------------------  ---------------
replay_buffer/size                               8000
trainer/num train calls                          8000
trainer/QF1 Loss                                   36.4547
trainer/QF2 Loss                                   34.3173
trainer/Policy Loss                                47.8404
trainer/Weight Loss                                -0.178565
trainer/Offline Weights Mean                        0.918644
trainer/Offline Weights Std                         0.720487
trainer/Offline Weights Max                         4.10167
trainer/Offline Weights Min                         0
trainer/Online Weights Mean                         1.45316
trainer/Online Weights Std                          0.729104
trainer/Online Weights Max                          4.26928
trainer/Online Weights Min                          0.0812863
trainer/RL Samples Weights Mean                     1.30276
trainer/RL Samples Weights Std                      0.658153
trainer/RL Samples Weights Max                      3.6813
trainer/RL Samples Weights Min                      0
trainer/Q1 Predictions Mean                       -47.2976
trainer/Q1 Predictions Std                         56.8662
trainer/Q1 Predictions Max                        -22.2045
trainer/Q1 Predictions Min                      -1025.28
trainer/Q2 Predictions Mean                       -47.2755
trainer/Q2 Predictions Std                         57.0515
trainer/Q2 Predictions Max                        -23.1354
trainer/Q2 Predictions Min                      -1029.62
trainer/Q Targets Mean                            -46.7316
trainer/Q Targets Std                              57.2276
trainer/Q Targets Max                             -21.7984
trainer/Q Targets Min                           -1023.72
trainer/Log Pis Mean                               13.789
trainer/Log Pis Std                                 3.61428
trainer/Log Pis Max                                25.255
trainer/Log Pis Min                                 1.79849
trainer/policy/mean Mean                           -0.130504
trainer/policy/mean Std                             0.918277
trainer/policy/mean Max                             0.99831
trainer/policy/mean Min                            -0.997732
trainer/policy/normal/std Mean                      0.472032
trainer/policy/normal/std Std                       0.102886
trainer/policy/normal/std Max                       0.823709
trainer/policy/normal/std Min                       0.066747
trainer/policy/normal/log_std Mean                 -0.785593
trainer/policy/normal/log_std Std                   0.295356
trainer/policy/normal/log_std Max                  -0.193938
trainer/policy/normal/log_std Min                  -2.70685
trainer/Alpha                                       0.184476
trainer/Alpha Loss                                  3.69997
exploration/num steps total                      8000
exploration/num paths total                         8
exploration/path length Mean                     1000
exploration/path length Std                         0
exploration/path length Max                      1000
exploration/path length Min                      1000
exploration/Rewards Mean                            4.79789
exploration/Rewards Std                             1.70275
exploration/Rewards Max                             7.84823
exploration/Rewards Min                            -1.84145
exploration/Returns Mean                         4797.89
exploration/Returns Std                             0
exploration/Returns Max                          4797.89
exploration/Returns Min                          4797.89
exploration/Actions Mean                           -0.101823
exploration/Actions Std                             0.905431
exploration/Actions Max                             0.999809
exploration/Actions Min                            -0.999694
exploration/Num Paths                               1
exploration/Average Returns                      4797.89
exploration/env_infos/final/reward_run Mean         4.56164
exploration/env_infos/final/reward_run Std          0
exploration/env_infos/final/reward_run Max          4.56164
exploration/env_infos/final/reward_run Min          4.56164
exploration/env_infos/initial/reward_run Mean       0.837912
exploration/env_infos/initial/reward_run Std        0
exploration/env_infos/initial/reward_run Max        0.837912
exploration/env_infos/initial/reward_run Min        0.837912
exploration/env_infos/reward_run Mean               5.29599
exploration/env_infos/reward_run Std                1.70621
exploration/env_infos/reward_run Max                8.34154
exploration/env_infos/reward_run Min               -1.32049
exploration/env_infos/final/reward_ctrl Mean       -0.439519
exploration/env_infos/final/reward_ctrl Std         0
exploration/env_infos/final/reward_ctrl Max        -0.439519
exploration/env_infos/final/reward_ctrl Min        -0.439519
exploration/env_infos/initial/reward_ctrl Mean     -0.426213
exploration/env_infos/initial/reward_ctrl Std       0
exploration/env_infos/initial/reward_ctrl Max      -0.426213
exploration/env_infos/initial/reward_ctrl Min      -0.426213
exploration/env_infos/reward_ctrl Mean             -0.498104
exploration/env_infos/reward_ctrl Std               0.0520486
exploration/env_infos/reward_ctrl Max              -0.280047
exploration/env_infos/reward_ctrl Min              -0.594088
evaluation/num steps total                      40000
evaluation/num paths total                         40
evaluation/path length Mean                      1000
evaluation/path length Std                          0
evaluation/path length Max                       1000
evaluation/path length Min                       1000
evaluation/Rewards Mean                             4.87457
evaluation/Rewards Std                              1.74006
evaluation/Rewards Max                              8.00413
evaluation/Rewards Min                             -2.26763
evaluation/Returns Mean                          4874.57
evaluation/Returns Std                             63.7379
evaluation/Returns Max                           4960.01
evaluation/Returns Min                           4795.34
evaluation/Actions Mean                            -0.103085
evaluation/Actions Std                              0.918901
evaluation/Actions Max                              0.998931
evaluation/Actions Min                             -0.997782
evaluation/Num Paths                                5
evaluation/Average Returns                       4874.57
evaluation/env_infos/final/reward_run Mean          4.45481
evaluation/env_infos/final/reward_run Std           0.342459
evaluation/env_infos/final/reward_run Max           5.03681
evaluation/env_infos/final/reward_run Min           4.05943
evaluation/env_infos/initial/reward_run Mean        0.674804
evaluation/env_infos/initial/reward_run Std         0.0481287
evaluation/env_infos/initial/reward_run Max         0.734447
evaluation/env_infos/initial/reward_run Min         0.590791
evaluation/env_infos/reward_run Mean                5.38757
evaluation/env_infos/reward_run Std                 1.73952
evaluation/env_infos/reward_run Max                 8.50262
evaluation/env_infos/reward_run Min                -1.73766
evaluation/env_infos/final/reward_ctrl Mean        -0.49359
evaluation/env_infos/final/reward_ctrl Std          0.0349674
evaluation/env_infos/final/reward_ctrl Max         -0.432
evaluation/env_infos/final/reward_ctrl Min         -0.522842
evaluation/env_infos/initial/reward_ctrl Mean      -0.40036
evaluation/env_infos/initial/reward_ctrl Std        0.0161601
evaluation/env_infos/initial/reward_ctrl Max       -0.368768
evaluation/env_infos/initial/reward_ctrl Min       -0.413438
evaluation/env_infos/reward_ctrl Mean              -0.513003
evaluation/env_infos/reward_ctrl Std                0.0428582
evaluation/env_infos/reward_ctrl Max               -0.253576
evaluation/env_infos/reward_ctrl Min               -0.592016
time/data storing (s)                               0.0336302
time/evaluation sampling (s)                       13.3865
time/exploration sampling (s)                       4.05347
time/logging (s)                                    0.0279905
time/sac training (s)                              53.6291
time/saving (s)                                     0.0362867
time/training (s)                                   0.000575651
time/epoch (s)                                     71.1675
time/total (s)                                    623.181
Epoch                                               7
----------------------------------------------  ---------------
2022-11-28 10:42:15.774123 HKT | [halfcheetah-medium-v0-kl10] Epoch 8 finished
----------------------------------------------  ---------------
replay_buffer/size                               9000
trainer/num train calls                          9000
trainer/QF1 Loss                                   34.6464
trainer/QF2 Loss                                   39.0518
trainer/Policy Loss                                21.6095
trainer/Weight Loss                                 0.222173
trainer/Offline Weights Mean                        3.08284
trainer/Offline Weights Std                         3.93233
trainer/Offline Weights Max                        17.0217
trainer/Offline Weights Min                         0
trainer/Online Weights Mean                         3.76872
trainer/Online Weights Std                          4.37715
trainer/Online Weights Max                         17.7308
trainer/Online Weights Min                          0
trainer/RL Samples Weights Mean                     3.88666
trainer/RL Samples Weights Std                      4.62171
trainer/RL Samples Weights Max                     17.5402
trainer/RL Samples Weights Min                      0
trainer/Q1 Predictions Mean                       -21.2303
trainer/Q1 Predictions Std                         14.9684
trainer/Q1 Predictions Max                          1.19031
trainer/Q1 Predictions Min                       -116.163
trainer/Q2 Predictions Mean                       -21.0898
trainer/Q2 Predictions Std                         14.9513
trainer/Q2 Predictions Max                          1.40714
trainer/Q2 Predictions Min                       -111.226
trainer/Q Targets Mean                            -21.3955
trainer/Q Targets Std                              15.1853
trainer/Q Targets Max                               1.60403
trainer/Q Targets Min                            -114.248
trainer/Log Pis Mean                               13.7676
trainer/Log Pis Std                                 4.46992
trainer/Log Pis Max                                26.618
trainer/Log Pis Min                                 0.65851
trainer/policy/mean Mean                           -0.119907
trainer/policy/mean Std                             0.914279
trainer/policy/mean Max                             0.998598
trainer/policy/mean Min                            -0.997679
trainer/policy/normal/std Mean                      0.460737
trainer/policy/normal/std Std                       0.11135
trainer/policy/normal/std Max                       0.745516
trainer/policy/normal/std Min                       0.0961333
trainer/policy/normal/log_std Mean                 -0.819161
trainer/policy/normal/log_std Std                   0.333771
trainer/policy/normal/log_std Max                  -0.293678
trainer/policy/normal/log_std Min                  -2.34202
trainer/Alpha                                       0.147443
trainer/Alpha Loss                                  2.95667
exploration/num steps total                      9000
exploration/num paths total                         9
exploration/path length Mean                     1000
exploration/path length Std                         0
exploration/path length Max                      1000
exploration/path length Min                      1000
exploration/Rewards Mean                            4.71493
exploration/Rewards Std                             1.68805
exploration/Rewards Max                             7.79057
exploration/Rewards Min                            -1.86659
exploration/Returns Mean                         4714.93
exploration/Returns Std                             0
exploration/Returns Max                          4714.93
exploration/Returns Min                          4714.93
exploration/Actions Mean                           -0.117678
exploration/Actions Std                             0.903169
exploration/Actions Max                             0.999849
exploration/Actions Min                            -0.999741
exploration/Num Paths                               1
exploration/Average Returns                      4714.93
exploration/env_infos/final/reward_run Mean         3.98328
exploration/env_infos/final/reward_run Std          0
exploration/env_infos/final/reward_run Max          3.98328
exploration/env_infos/final/reward_run Min          3.98328
exploration/env_infos/initial/reward_run Mean       0.567392
exploration/env_infos/initial/reward_run Std        0
exploration/env_infos/initial/reward_run Max        0.567392
exploration/env_infos/initial/reward_run Min        0.567392
exploration/env_infos/reward_run Mean               5.21267
exploration/env_infos/reward_run Std                1.68999
exploration/env_infos/reward_run Max                8.32431
exploration/env_infos/reward_run Min               -1.46546
exploration/env_infos/final/reward_ctrl Mean       -0.445328
exploration/env_infos/final/reward_ctrl Std         0
exploration/env_infos/final/reward_ctrl Max        -0.445328
exploration/env_infos/final/reward_ctrl Min        -0.445328
exploration/env_infos/initial/reward_ctrl Mean     -0.373211
exploration/env_infos/initial/reward_ctrl Std       0
exploration/env_infos/initial/reward_ctrl Max      -0.373211
exploration/env_infos/initial/reward_ctrl Min      -0.373211
exploration/env_infos/reward_ctrl Mean             -0.497738
exploration/env_infos/reward_ctrl Std               0.0606488
exploration/env_infos/reward_ctrl Max              -0.228188
exploration/env_infos/reward_ctrl Min              -0.593169
evaluation/num steps total                      45000
evaluation/num paths total                         45
evaluation/path length Mean                      1000
evaluation/path length Std                          0
evaluation/path length Max                       1000
evaluation/path length Min                       1000
evaluation/Rewards Mean                             4.86317
evaluation/Rewards Std                              1.729
evaluation/Rewards Max                              7.97226
evaluation/Rewards Min                             -2.24651
evaluation/Returns Mean                          4863.17
evaluation/Returns Std                             40.5816
evaluation/Returns Max                           4941.4
evaluation/Returns Min                           4825.47
evaluation/Actions Mean                            -0.121818
evaluation/Actions Std                              0.922916
evaluation/Actions Max                              0.999005
evaluation/Actions Min                             -0.997979
evaluation/Num Paths                                5
evaluation/Average Returns                       4863.17
evaluation/env_infos/final/reward_run Mean          4.65872
evaluation/env_infos/final/reward_run Std           0.5332
evaluation/env_infos/final/reward_run Max           5.34038
evaluation/env_infos/final/reward_run Min           3.94049
evaluation/env_infos/initial/reward_run Mean        0.571644
evaluation/env_infos/initial/reward_run Std         0.0795272
evaluation/env_infos/initial/reward_run Max         0.648242
evaluation/env_infos/initial/reward_run Min         0.447108
evaluation/env_infos/reward_run Mean                5.38314
evaluation/env_infos/reward_run Std                 1.7231
evaluation/env_infos/reward_run Max                 8.46703
evaluation/env_infos/reward_run Min                -1.71086
evaluation/env_infos/final/reward_ctrl Mean        -0.505952
evaluation/env_infos/final/reward_ctrl Std          0.0214297
evaluation/env_infos/final/reward_ctrl Max         -0.472623
evaluation/env_infos/final/reward_ctrl Min         -0.535931
evaluation/env_infos/initial/reward_ctrl Mean      -0.403445
evaluation/env_infos/initial/reward_ctrl Std        0.0144726
evaluation/env_infos/initial/reward_ctrl Max       -0.38969
evaluation/env_infos/initial/reward_ctrl Min       -0.424981
evaluation/env_infos/reward_ctrl Mean              -0.519968
evaluation/env_infos/reward_ctrl Std                0.0431271
evaluation/env_infos/reward_ctrl Max               -0.26248
evaluation/env_infos/reward_ctrl Min               -0.592713
time/data storing (s)                               0.018826
time/evaluation sampling (s)                       18.5277
time/exploration sampling (s)                       3.63433
time/logging (s)                                    0.0283077
time/sac training (s)                              53.7542
time/saving (s)                                     0.0397226
time/training (s)                                   0.000470516
time/epoch (s)                                     76.0035
time/total (s)                                    702.597
Epoch                                               8
----------------------------------------------  ---------------
